INFO  Calc:31 - Creating JAXBContext
INFO  Calc:43 - Getting data from XMLD:\project\OneWayCalc\sampleTest.xml
INFO  Calc:47 - Getting terms formivan.XMLwrapper.SimpleCalculator$Expressions$Expression@1442d7b5
INFO  Calc:105 - Starting evaluate ivan.XMLwrapper.Term@1efee8e7
INFO  Calc:112 - Starting counting args of ivan.XMLwrapper.Term@1efee8e7
INFO  Calc:105 - Starting evaluate ivan.XMLwrapper.Term@1ee807c6
INFO  Calc:112 - Starting counting args of ivan.XMLwrapper.Term@1ee807c6
INFO  Calc:105 - Starting evaluate ivan.XMLwrapper.Term@76a4d6c
INFO  Calc:126 - counting SUM of 2, 4
INFO  Calc:105 - Starting evaluate ivan.XMLwrapper.Term@517cd4b
INFO  Calc:137 - counting DIV of 1, 4
INFO  Calc:129 - counting SUB of 6.00000000000, 0.25000000000
INFO  Calc:105 - Starting evaluate ivan.XMLwrapper.Term@6cc7b4de
INFO  Calc:112 - Starting counting args of ivan.XMLwrapper.Term@6cc7b4de
INFO  Calc:105 - Starting evaluate ivan.XMLwrapper.Term@32cf48b7
INFO  Calc:126 - counting SUM of 12, 55
INFO  Calc:105 - Starting evaluate ivan.XMLwrapper.Term@799d4f69
INFO  Calc:132 - counting MUL of 123, 4
INFO  Calc:129 - counting SUB of 67.00000000000, 492.00000000000
INFO  Calc:132 - counting MUL of 5.75000000000, -425.00000000000
INFO  Calc:47 - Getting terms formivan.XMLwrapper.SimpleCalculator$Expressions$Expression@49c43f4e
INFO  Calc:105 - Starting evaluate ivan.XMLwrapper.Term@290dbf45
INFO  Calc:112 - Starting counting args of ivan.XMLwrapper.Term@290dbf45
INFO  Calc:105 - Starting evaluate ivan.XMLwrapper.Term@12028586
INFO  Calc:112 - Starting counting args of ivan.XMLwrapper.Term@12028586
INFO  Calc:105 - Starting evaluate ivan.XMLwrapper.Term@17776a8
INFO  Calc:137 - counting DIV of 211, 114
INFO  Calc:105 - Starting evaluate ivan.XMLwrapper.Term@69a10787
INFO  Calc:137 - counting DIV of 13, 41
INFO  Calc:132 - counting MUL of 1.85087719298, 0.31707317073
INFO  Calc:105 - Starting evaluate ivan.XMLwrapper.Term@2d127a61
INFO  Calc:112 - Starting counting args of ivan.XMLwrapper.Term@2d127a61
INFO  Calc:105 - Starting evaluate ivan.XMLwrapper.Term@2bbaf4f0
INFO  Calc:126 - counting SUM of 123, 1235
INFO  Calc:105 - Starting evaluate ivan.XMLwrapper.Term@11c20519
INFO  Calc:132 - counting MUL of 55, 1111
INFO  Calc:129 - counting SUB of 1358.00000000000, 61105.00000000000
INFO  Calc:129 - counting SUB of 0.58686350021, -59747.00000000000
INFO  Calc:57 - Creating new Object factory
INFO  Calc:31 - Creating JAXBContext
INFO  Calc:43 - Getting data from XMLD:\project\OneWayCalc\sampleTest.xml
INFO  Calc:47 - Getting terms form  ivan.XMLwrapper.SimpleCalculator$Expressions$Expression@1442d7b5
INFO  Calc:105 - Starting evaluate ivan.XMLwrapper.Term@6cc7b4de
INFO  Calc:112 - Starting counting args of ivan.XMLwrapper.Term@6cc7b4de
INFO  Calc:105 - Starting evaluate ivan.XMLwrapper.Term@32cf48b7
INFO  Calc:112 - Starting counting args of ivan.XMLwrapper.Term@32cf48b7
INFO  Calc:105 - Starting evaluate ivan.XMLwrapper.Term@679b62af
INFO  Calc:126 - counting SUM of 2, 4
INFO  Calc:105 - Starting evaluate ivan.XMLwrapper.Term@5cdd8682
INFO  Calc:137 - counting DIV of 1, 4
INFO  Calc:129 - counting SUB of 6.00000000000, 0.25000000000
INFO  Calc:105 - Starting evaluate ivan.XMLwrapper.Term@d6da883
INFO  Calc:112 - Starting counting args of ivan.XMLwrapper.Term@d6da883
INFO  Calc:105 - Starting evaluate ivan.XMLwrapper.Term@45afc369
INFO  Calc:126 - counting SUM of 12, 55
INFO  Calc:105 - Starting evaluate ivan.XMLwrapper.Term@17776a8
INFO  Calc:132 - counting MUL of 123, 4
INFO  Calc:129 - counting SUB of 67.00000000000, 492.00000000000
INFO  Calc:132 - counting MUL of 5.75000000000, -425.00000000000
INFO  Calc:47 - Getting terms form  ivan.XMLwrapper.SimpleCalculator$Expressions$Expression@69a10787
INFO  Calc:105 - Starting evaluate ivan.XMLwrapper.Term@2d127a61
INFO  Calc:112 - Starting counting args of ivan.XMLwrapper.Term@2d127a61
INFO  Calc:105 - Starting evaluate ivan.XMLwrapper.Term@2bbaf4f0
INFO  Calc:112 - Starting counting args of ivan.XMLwrapper.Term@2bbaf4f0
INFO  Calc:105 - Starting evaluate ivan.XMLwrapper.Term@11c20519
INFO  Calc:137 - counting DIV of 211, 114
INFO  Calc:105 - Starting evaluate ivan.XMLwrapper.Term@70beb599
INFO  Calc:137 - counting DIV of 13, 41
INFO  Calc:132 - counting MUL of 1.85087719298, 0.31707317073
INFO  Calc:105 - Starting evaluate ivan.XMLwrapper.Term@4e41089d
INFO  Calc:112 - Starting counting args of ivan.XMLwrapper.Term@4e41089d
INFO  Calc:105 - Starting evaluate ivan.XMLwrapper.Term@32a068d1
INFO  Calc:126 - counting SUM of 123, 1235
INFO  Calc:105 - Starting evaluate ivan.XMLwrapper.Term@33cb5951
INFO  Calc:132 - counting MUL of 55, 1111
INFO  Calc:129 - counting SUB of 1358.00000000000, 61105.00000000000
INFO  Calc:129 - counting SUB of 0.58686350021, -59747.00000000000
INFO  Calc:57 - Creating new Object factory
INFO  Calc:31 - Creating JAXBContext
INFO  Calc:43 - Getting data from XML D:\project\OneWayCalc\sampleTest.xml
INFO  Calc:47 - Getting terms form ivan.XMLwrapper.SimpleCalculator$Expressions$Expression@588df31b
INFO  Calc:105 - Starting evaluate ivan.XMLwrapper.Term@33b37288
INFO  Calc:112 - Starting counting args of ivan.XMLwrapper.Term@33b37288
INFO  Calc:105 - Starting evaluate ivan.XMLwrapper.Term@77a57272
INFO  Calc:112 - Starting counting args of ivan.XMLwrapper.Term@77a57272
INFO  Calc:105 - Starting evaluate ivan.XMLwrapper.Term@7181ae3f
INFO  Calc:126 - counting SUM of 2, 4
INFO  Calc:105 - Starting evaluate ivan.XMLwrapper.Term@46238e3f
INFO  Calc:137 - counting DIV of 1, 4
INFO  Calc:129 - counting SUB of 6.00000000000, 0.25000000000
INFO  Calc:105 - Starting evaluate ivan.XMLwrapper.Term@6e2c9341
INFO  Calc:112 - Starting counting args of ivan.XMLwrapper.Term@6e2c9341
INFO  Calc:105 - Starting evaluate ivan.XMLwrapper.Term@32464a14
INFO  Calc:126 - counting SUM of 12, 55
INFO  Calc:105 - Starting evaluate ivan.XMLwrapper.Term@76a4d6c
INFO  Calc:132 - counting MUL of 123, 4
INFO  Calc:129 - counting SUB of 67.00000000000, 492.00000000000
INFO  Calc:132 - counting MUL of 5.75000000000, -425.00000000000
INFO  Calc:47 - Getting terms form ivan.XMLwrapper.SimpleCalculator$Expressions$Expression@517cd4b
INFO  Calc:105 - Starting evaluate ivan.XMLwrapper.Term@6cc7b4de
INFO  Calc:112 - Starting counting args of ivan.XMLwrapper.Term@6cc7b4de
INFO  Calc:105 - Starting evaluate ivan.XMLwrapper.Term@32cf48b7
INFO  Calc:112 - Starting counting args of ivan.XMLwrapper.Term@32cf48b7
INFO  Calc:105 - Starting evaluate ivan.XMLwrapper.Term@679b62af
INFO  Calc:137 - counting DIV of 211, 114
INFO  Calc:105 - Starting evaluate ivan.XMLwrapper.Term@5cdd8682
INFO  Calc:137 - counting DIV of 13, 41
INFO  Calc:132 - counting MUL of 1.85087719298, 0.31707317073
INFO  Calc:105 - Starting evaluate ivan.XMLwrapper.Term@d6da883
INFO  Calc:112 - Starting counting args of ivan.XMLwrapper.Term@d6da883
INFO  Calc:105 - Starting evaluate ivan.XMLwrapper.Term@45afc369
INFO  Calc:126 - counting SUM of 123, 1235
INFO  Calc:105 - Starting evaluate ivan.XMLwrapper.Term@799d4f69
INFO  Calc:132 - counting MUL of 55, 1111
INFO  Calc:129 - counting SUB of 1358.00000000000, 61105.00000000000
INFO  Calc:129 - counting SUB of 0.58686350021, -59747.00000000000
INFO  Calc:57 - Creating new Object factory
INFO  Calc:31 - Creating JAXBContext
INFO  Calc:43 - Getting data from XML: D:\project\OneWayCalc\sampleTqqest.xml
ERROR Calc:54 - File {} doesn't exist
java.io.FileNotFoundException: D:\project\OneWayCalc\sampleTqqest.xml (Не удается найти указанный файл)
	at java.io.FileInputStream.open0(Native Method)
	at java.io.FileInputStream.open(FileInputStream.java:195)
	at java.io.FileInputStream.<init>(FileInputStream.java:138)
	at java.io.FileInputStream.<init>(FileInputStream.java:93)
	at ivan.Calc.getSimpleCalculator(Calc.java:79)
	at ivan.Calc.calculate(Calc.java:44)
	at ivan.Calc.main(Calc.java:93)
	at ivan.Calc$main.call(Unknown Source)
	at org.codehaus.groovy.runtime.callsite.CallSiteArray.defaultCall(CallSiteArray.java:45)
	at org.codehaus.groovy.runtime.callsite.AbstractCallSite.call(AbstractCallSite.java:108)
	at org.codehaus.groovy.runtime.callsite.AbstractCallSite.call(AbstractCallSite.java:116)
	at ivan.CalcTest2.testMain(CalcTest2.groovy:19)
	at sun.reflect.NativeMethodAccessorImpl.invoke0(Native Method)
	at sun.reflect.NativeMethodAccessorImpl.invoke(NativeMethodAccessorImpl.java:62)
	at sun.reflect.DelegatingMethodAccessorImpl.invoke(DelegatingMethodAccessorImpl.java:43)
	at java.lang.reflect.Method.invoke(Method.java:497)
	at junit.framework.TestCase.runTest(TestCase.java:176)
	at junit.framework.TestCase.runBare(TestCase.java:141)
	at junit.framework.TestResult$1.protect(TestResult.java:122)
	at junit.framework.TestResult.runProtected(TestResult.java:142)
	at junit.framework.TestResult.run(TestResult.java:125)
	at junit.framework.TestCase.run(TestCase.java:129)
	at junit.framework.TestSuite.runTest(TestSuite.java:252)
	at junit.framework.TestSuite.run(TestSuite.java:247)
	at org.junit.internal.runners.JUnit38ClassRunner.run(JUnit38ClassRunner.java:86)
	at org.junit.runner.JUnitCore.run(JUnitCore.java:137)
	at com.intellij.junit4.JUnit4IdeaTestRunner.startRunnerWithArgs(JUnit4IdeaTestRunner.java:68)
	at com.intellij.rt.execution.junit.IdeaTestRunner$Repeater.startRunnerWithArgs(IdeaTestRunner.java:51)
	at com.intellij.rt.execution.junit.JUnitStarter.prepareStreamsAndStart(JUnitStarter.java:242)
	at com.intellij.rt.execution.junit.JUnitStarter.main(JUnitStarter.java:70)
INFO  Calc:57 - Creating new Object factory
INFO  Calc:31 - Creating JAXBContext
INFO  Calc:43 - Getting data from XML: D:\project\OneWayCalc\sampleTqqest.xml
ERROR Calc:54 - File D:\project\OneWayCalc\sampleTqqest.xml doesn't exist
java.io.FileNotFoundException: D:\project\OneWayCalc\sampleTqqest.xml (Не удается найти указанный файл)
	at java.io.FileInputStream.open0(Native Method)
	at java.io.FileInputStream.open(FileInputStream.java:195)
	at java.io.FileInputStream.<init>(FileInputStream.java:138)
	at java.io.FileInputStream.<init>(FileInputStream.java:93)
	at ivan.Calc.getSimpleCalculator(Calc.java:79)
	at ivan.Calc.calculate(Calc.java:44)
	at ivan.Calc.main(Calc.java:93)
	at ivan.Calc$main.call(Unknown Source)
	at org.codehaus.groovy.runtime.callsite.CallSiteArray.defaultCall(CallSiteArray.java:45)
	at org.codehaus.groovy.runtime.callsite.AbstractCallSite.call(AbstractCallSite.java:108)
	at org.codehaus.groovy.runtime.callsite.AbstractCallSite.call(AbstractCallSite.java:116)
	at ivan.CalcTest2.testMain(CalcTest2.groovy:19)
	at sun.reflect.NativeMethodAccessorImpl.invoke0(Native Method)
	at sun.reflect.NativeMethodAccessorImpl.invoke(NativeMethodAccessorImpl.java:62)
	at sun.reflect.DelegatingMethodAccessorImpl.invoke(DelegatingMethodAccessorImpl.java:43)
	at java.lang.reflect.Method.invoke(Method.java:497)
	at junit.framework.TestCase.runTest(TestCase.java:176)
	at junit.framework.TestCase.runBare(TestCase.java:141)
	at junit.framework.TestResult$1.protect(TestResult.java:122)
	at junit.framework.TestResult.runProtected(TestResult.java:142)
	at junit.framework.TestResult.run(TestResult.java:125)
	at junit.framework.TestCase.run(TestCase.java:129)
	at junit.framework.TestSuite.runTest(TestSuite.java:252)
	at junit.framework.TestSuite.run(TestSuite.java:247)
	at org.junit.internal.runners.JUnit38ClassRunner.run(JUnit38ClassRunner.java:86)
	at org.junit.runner.JUnitCore.run(JUnitCore.java:137)
	at com.intellij.junit4.JUnit4IdeaTestRunner.startRunnerWithArgs(JUnit4IdeaTestRunner.java:68)
	at com.intellij.rt.execution.junit.IdeaTestRunner$Repeater.startRunnerWithArgs(IdeaTestRunner.java:51)
	at com.intellij.rt.execution.junit.JUnitStarter.prepareStreamsAndStart(JUnitStarter.java:242)
	at com.intellij.rt.execution.junit.JUnitStarter.main(JUnitStarter.java:70)
INFO  Calc:57 - Creating new Object factory
INFO  Calc:31 - Creating JAXBContext
INFO  Calc:43 - Getting data from XML: D:\project\OneWayCalc\sampleTest.xml
INFO  Calc:47 - Getting terms form ivan.XMLwrapper.SimpleCalculator$Expressions$Expression@588df31b
INFO  Calc:105 - Starting evaluate ivan.XMLwrapper.Term@33b37288
INFO  Calc:112 - Starting counting args of ivan.XMLwrapper.Term@33b37288
INFO  Calc:105 - Starting evaluate ivan.XMLwrapper.Term@77a57272
INFO  Calc:112 - Starting counting args of ivan.XMLwrapper.Term@77a57272
INFO  Calc:105 - Starting evaluate ivan.XMLwrapper.Term@7181ae3f
INFO  Calc:126 - counting SUM of 2, 4
INFO  Calc:105 - Starting evaluate ivan.XMLwrapper.Term@46238e3f
INFO  Calc:137 - counting DIV of 1, 4
INFO  Calc:129 - counting SUB of 6.00000000000, 0.25000000000
INFO  Calc:105 - Starting evaluate ivan.XMLwrapper.Term@6e2c9341
INFO  Calc:112 - Starting counting args of ivan.XMLwrapper.Term@6e2c9341
INFO  Calc:105 - Starting evaluate ivan.XMLwrapper.Term@32464a14
INFO  Calc:126 - counting SUM of 12, 55
INFO  Calc:105 - Starting evaluate ivan.XMLwrapper.Term@76a4d6c
INFO  Calc:132 - counting MUL of 123, 4
INFO  Calc:129 - counting SUB of 67.00000000000, 492.00000000000
INFO  Calc:132 - counting MUL of 5.75000000000, -425.00000000000
INFO  Calc:47 - Getting terms form ivan.XMLwrapper.SimpleCalculator$Expressions$Expression@517cd4b
INFO  Calc:105 - Starting evaluate ivan.XMLwrapper.Term@6cc7b4de
INFO  Calc:112 - Starting counting args of ivan.XMLwrapper.Term@6cc7b4de
INFO  Calc:105 - Starting evaluate ivan.XMLwrapper.Term@32cf48b7
INFO  Calc:112 - Starting counting args of ivan.XMLwrapper.Term@32cf48b7
INFO  Calc:105 - Starting evaluate ivan.XMLwrapper.Term@679b62af
INFO  Calc:137 - counting DIV of 211, 114
INFO  Calc:105 - Starting evaluate ivan.XMLwrapper.Term@5cdd8682
INFO  Calc:137 - counting DIV of 13, 41
INFO  Calc:132 - counting MUL of 1.85087719298, 0.31707317073
INFO  Calc:105 - Starting evaluate ivan.XMLwrapper.Term@d6da883
INFO  Calc:112 - Starting counting args of ivan.XMLwrapper.Term@d6da883
INFO  Calc:105 - Starting evaluate ivan.XMLwrapper.Term@45afc369
INFO  Calc:126 - counting SUM of 123, 1235
INFO  Calc:105 - Starting evaluate ivan.XMLwrapper.Term@799d4f69
INFO  Calc:132 - counting MUL of 55, 1111
INFO  Calc:129 - counting SUB of 1358.00000000000, 61105.00000000000
INFO  Calc:129 - counting SUB of 0.58686350021, -59747.00000000000
INFO  Calc:57 - Creating new Object factory
INFO  Calc:86 - 
 -----------------------------------------------------
INFO  Calc:87 - Starting new run with params: D:\project\OneWayCalc\sampleTest.xml
INFO  Calc:88 - ----------------------------------------------------- 

INFO  Calc:31 - Creating JAXBContext
INFO  Calc:43 - Getting data from XML: D:\project\OneWayCalc\sampleTest.xml
INFO  Calc:47 - Getting terms form ivan.XMLwrapper.SimpleCalculator$Expressions$Expression@517cd4b
INFO  Calc:108 - Starting evaluate ivan.XMLwrapper.Term@6cc7b4de
INFO  Calc:115 - Starting counting args of ivan.XMLwrapper.Term@6cc7b4de
INFO  Calc:108 - Starting evaluate ivan.XMLwrapper.Term@32cf48b7
INFO  Calc:115 - Starting counting args of ivan.XMLwrapper.Term@32cf48b7
INFO  Calc:108 - Starting evaluate ivan.XMLwrapper.Term@679b62af
INFO  Calc:129 - counting SUM of 2, 4
INFO  Calc:108 - Starting evaluate ivan.XMLwrapper.Term@5cdd8682
INFO  Calc:140 - counting DIV of 1, 4
INFO  Calc:132 - counting SUB of 6.00000000000, 0.25000000000
INFO  Calc:108 - Starting evaluate ivan.XMLwrapper.Term@d6da883
INFO  Calc:115 - Starting counting args of ivan.XMLwrapper.Term@d6da883
INFO  Calc:108 - Starting evaluate ivan.XMLwrapper.Term@12028586
INFO  Calc:129 - counting SUM of 12, 55
INFO  Calc:108 - Starting evaluate ivan.XMLwrapper.Term@17776a8
INFO  Calc:135 - counting MUL of 123, 4
INFO  Calc:132 - counting SUB of 67.00000000000, 492.00000000000
INFO  Calc:135 - counting MUL of 5.75000000000, -425.00000000000
INFO  Calc:47 - Getting terms form ivan.XMLwrapper.SimpleCalculator$Expressions$Expression@69a10787
INFO  Calc:108 - Starting evaluate ivan.XMLwrapper.Term@2d127a61
INFO  Calc:115 - Starting counting args of ivan.XMLwrapper.Term@2d127a61
INFO  Calc:108 - Starting evaluate ivan.XMLwrapper.Term@2bbaf4f0
INFO  Calc:115 - Starting counting args of ivan.XMLwrapper.Term@2bbaf4f0
INFO  Calc:108 - Starting evaluate ivan.XMLwrapper.Term@11c20519
INFO  Calc:140 - counting DIV of 211, 114
INFO  Calc:108 - Starting evaluate ivan.XMLwrapper.Term@70beb599
INFO  Calc:140 - counting DIV of 13, 41
INFO  Calc:135 - counting MUL of 1.85087719298, 0.31707317073
INFO  Calc:108 - Starting evaluate ivan.XMLwrapper.Term@4e41089d
INFO  Calc:115 - Starting counting args of ivan.XMLwrapper.Term@4e41089d
INFO  Calc:108 - Starting evaluate ivan.XMLwrapper.Term@32a068d1
INFO  Calc:129 - counting SUM of 123, 1235
INFO  Calc:108 - Starting evaluate ivan.XMLwrapper.Term@33cb5951
INFO  Calc:135 - counting MUL of 55, 1111
INFO  Calc:132 - counting SUB of 1358.00000000000, 61105.00000000000
INFO  Calc:132 - counting SUB of 0.58686350021, -59747.00000000000
INFO  Calc:57 - Creating new Object factory
INFO  Calc:88 - 
 -----------------------------------------------------
INFO  Calc:89 - Starting new run with params: D:\project\OneWayCalc\sampleTest.xml, D:\project\OneWayCalc\ResultSampleTest.xml, 
 , 2017-06-18T17:22:43.845
INFO  Calc:91 - ----------------------------------------------------- 

INFO  Calc:32 - Creating JAXBContext
INFO  Calc:44 - Getting data from XML: D:\project\OneWayCalc\sampleTest.xml
INFO  Calc:48 - Getting terms form ivan.XMLwrapper.SimpleCalculator$Expressions$Expression@6a472554
INFO  Calc:110 - Starting evaluate ivan.XMLwrapper.Term@7ff2a664
INFO  Calc:117 - Starting counting args of ivan.XMLwrapper.Term@7ff2a664
INFO  Calc:110 - Starting evaluate ivan.XMLwrapper.Term@525b461a
INFO  Calc:117 - Starting counting args of ivan.XMLwrapper.Term@525b461a
INFO  Calc:110 - Starting evaluate ivan.XMLwrapper.Term@58c1c010
INFO  Calc:131 - counting SUM of 2, 4
INFO  Calc:110 - Starting evaluate ivan.XMLwrapper.Term@b7f23d9
INFO  Calc:142 - counting DIV of 1, 4
INFO  Calc:134 - counting SUB of 6.00000000000, 0.25000000000
INFO  Calc:110 - Starting evaluate ivan.XMLwrapper.Term@61d47554
INFO  Calc:117 - Starting counting args of ivan.XMLwrapper.Term@61d47554
INFO  Calc:110 - Starting evaluate ivan.XMLwrapper.Term@5a4aa2f2
INFO  Calc:131 - counting SUM of 12, 55
INFO  Calc:110 - Starting evaluate ivan.XMLwrapper.Term@6591f517
INFO  Calc:137 - counting MUL of 123, 4
INFO  Calc:134 - counting SUB of 67.00000000000, 492.00000000000
INFO  Calc:137 - counting MUL of 5.75000000000, -425.00000000000
INFO  Calc:48 - Getting terms form ivan.XMLwrapper.SimpleCalculator$Expressions$Expression@345965f2
INFO  Calc:110 - Starting evaluate ivan.XMLwrapper.Term@429bd883
INFO  Calc:117 - Starting counting args of ivan.XMLwrapper.Term@429bd883
INFO  Calc:110 - Starting evaluate ivan.XMLwrapper.Term@4d49af10
INFO  Calc:117 - Starting counting args of ivan.XMLwrapper.Term@4d49af10
INFO  Calc:110 - Starting evaluate ivan.XMLwrapper.Term@279ad2e3
INFO  Calc:142 - counting DIV of 211, 114
INFO  Calc:110 - Starting evaluate ivan.XMLwrapper.Term@58134517
INFO  Calc:142 - counting DIV of 13, 41
INFO  Calc:137 - counting MUL of 1.85087719298, 0.31707317073
INFO  Calc:110 - Starting evaluate ivan.XMLwrapper.Term@4450d156
INFO  Calc:117 - Starting counting args of ivan.XMLwrapper.Term@4450d156
INFO  Calc:110 - Starting evaluate ivan.XMLwrapper.Term@4461c7e3
INFO  Calc:131 - counting SUM of 123, 1235
INFO  Calc:110 - Starting evaluate ivan.XMLwrapper.Term@351d0846
INFO  Calc:137 - counting MUL of 55, 1111
INFO  Calc:134 - counting SUB of 1358.00000000000, 61105.00000000000
INFO  Calc:134 - counting SUB of 0.58686350021, -59747.00000000000
INFO  Calc:58 - Creating new Object factory
INFO  Calc:88 - 
 -----------------------------------------------------
INFO  Calc:89 - Starting new run with params: D:\project\OneWayCalc\sampleTest.xml, D:\project\OneWayCalc\ResultSampleTest.xml, 2017-06-18T19:36:19.046 
INFO  Calc:91 - ----------------------------------------------------- 

INFO  Calc:32 - Creating JAXBContext
INFO  Calc:44 - Getting data from XML: D:\project\OneWayCalc\sampleTest.xml
INFO  Calc:48 - Getting terms form ivan.XMLwrapper.SimpleCalculator$Expressions$Expression@6a472554
INFO  Calc:110 - Starting evaluate ivan.XMLwrapper.Term@7ff2a664
INFO  Calc:117 - Starting counting args of ivan.XMLwrapper.Term@7ff2a664
INFO  Calc:110 - Starting evaluate ivan.XMLwrapper.Term@525b461a
INFO  Calc:117 - Starting counting args of ivan.XMLwrapper.Term@525b461a
INFO  Calc:110 - Starting evaluate ivan.XMLwrapper.Term@58c1c010
INFO  Calc:131 - counting SUM of 2, 4
INFO  Calc:110 - Starting evaluate ivan.XMLwrapper.Term@b7f23d9
INFO  Calc:142 - counting DIV of 1, 4
INFO  Calc:134 - counting SUB of 6.00000000000, 0.25000000000
INFO  Calc:110 - Starting evaluate ivan.XMLwrapper.Term@61d47554
INFO  Calc:117 - Starting counting args of ivan.XMLwrapper.Term@61d47554
INFO  Calc:110 - Starting evaluate ivan.XMLwrapper.Term@5a4aa2f2
INFO  Calc:131 - counting SUM of 12, 55
INFO  Calc:110 - Starting evaluate ivan.XMLwrapper.Term@6591f517
INFO  Calc:137 - counting MUL of 123, 4
INFO  Calc:134 - counting SUB of 67.00000000000, 492.00000000000
INFO  Calc:137 - counting MUL of 5.75000000000, -425.00000000000
INFO  Calc:48 - Getting terms form ivan.XMLwrapper.SimpleCalculator$Expressions$Expression@345965f2
INFO  Calc:110 - Starting evaluate ivan.XMLwrapper.Term@429bd883
INFO  Calc:117 - Starting counting args of ivan.XMLwrapper.Term@429bd883
INFO  Calc:110 - Starting evaluate ivan.XMLwrapper.Term@4d49af10
INFO  Calc:117 - Starting counting args of ivan.XMLwrapper.Term@4d49af10
INFO  Calc:110 - Starting evaluate ivan.XMLwrapper.Term@279ad2e3
INFO  Calc:142 - counting DIV of 211, 114
INFO  Calc:110 - Starting evaluate ivan.XMLwrapper.Term@58134517
INFO  Calc:142 - counting DIV of 13, 41
INFO  Calc:137 - counting MUL of 1.85087719298, 0.31707317073
INFO  Calc:110 - Starting evaluate ivan.XMLwrapper.Term@4450d156
INFO  Calc:117 - Starting counting args of ivan.XMLwrapper.Term@4450d156
INFO  Calc:110 - Starting evaluate ivan.XMLwrapper.Term@4461c7e3
INFO  Calc:131 - counting SUM of 123, 1235
INFO  Calc:110 - Starting evaluate ivan.XMLwrapper.Term@351d0846
INFO  Calc:137 - counting MUL of 55, 1111
INFO  Calc:134 - counting SUB of 1358.00000000000, 61105.00000000000
INFO  Calc:134 - counting SUB of 0.58686350021, -59747.00000000000
INFO  Calc:58 - Creating new Object factory
INFO  Calc:88 - -----------------------------------------------------
INFO  Calc:89 - Starting new run with params: D:\project\OneWayCalc\sampleTest.xml, D:\project\OneWayCalc\ResultSampleTest.xml, 2017-06-18T19:37:00.503 
INFO  Calc:91 - -----------------------------------------------------

INFO  Calc:32 - Creating JAXBContext
INFO  Calc:44 - Getting data from XML: D:\project\OneWayCalc\sampleTest.xml
INFO  Calc:48 - Getting terms form ivan.XMLwrapper.SimpleCalculator$Expressions$Expression@6a472554
INFO  Calc:110 - Starting evaluate ivan.XMLwrapper.Term@7ff2a664
INFO  Calc:117 - Starting counting args of ivan.XMLwrapper.Term@7ff2a664
INFO  Calc:110 - Starting evaluate ivan.XMLwrapper.Term@525b461a
INFO  Calc:117 - Starting counting args of ivan.XMLwrapper.Term@525b461a
INFO  Calc:110 - Starting evaluate ivan.XMLwrapper.Term@58c1c010
INFO  Calc:131 - counting SUM of 2, 4
INFO  Calc:110 - Starting evaluate ivan.XMLwrapper.Term@b7f23d9
INFO  Calc:142 - counting DIV of 1, 4
INFO  Calc:134 - counting SUB of 6.00000000000, 0.25000000000
INFO  Calc:110 - Starting evaluate ivan.XMLwrapper.Term@61d47554
INFO  Calc:117 - Starting counting args of ivan.XMLwrapper.Term@61d47554
INFO  Calc:110 - Starting evaluate ivan.XMLwrapper.Term@5a4aa2f2
INFO  Calc:131 - counting SUM of 12, 55
INFO  Calc:110 - Starting evaluate ivan.XMLwrapper.Term@6591f517
INFO  Calc:137 - counting MUL of 123, 4
INFO  Calc:134 - counting SUB of 67.00000000000, 492.00000000000
INFO  Calc:137 - counting MUL of 5.75000000000, -425.00000000000
INFO  Calc:48 - Getting terms form ivan.XMLwrapper.SimpleCalculator$Expressions$Expression@345965f2
INFO  Calc:110 - Starting evaluate ivan.XMLwrapper.Term@429bd883
INFO  Calc:117 - Starting counting args of ivan.XMLwrapper.Term@429bd883
INFO  Calc:110 - Starting evaluate ivan.XMLwrapper.Term@4d49af10
INFO  Calc:117 - Starting counting args of ivan.XMLwrapper.Term@4d49af10
INFO  Calc:110 - Starting evaluate ivan.XMLwrapper.Term@279ad2e3
INFO  Calc:142 - counting DIV of 211, 114
INFO  Calc:110 - Starting evaluate ivan.XMLwrapper.Term@58134517
INFO  Calc:142 - counting DIV of 13, 41
INFO  Calc:137 - counting MUL of 1.85087719298, 0.31707317073
INFO  Calc:110 - Starting evaluate ivan.XMLwrapper.Term@4450d156
INFO  Calc:117 - Starting counting args of ivan.XMLwrapper.Term@4450d156
INFO  Calc:110 - Starting evaluate ivan.XMLwrapper.Term@4461c7e3
INFO  Calc:131 - counting SUM of 123, 1235
INFO  Calc:110 - Starting evaluate ivan.XMLwrapper.Term@351d0846
INFO  Calc:137 - counting MUL of 55, 1111
INFO  Calc:134 - counting SUB of 1358.00000000000, 61105.00000000000
INFO  Calc:134 - counting SUB of 0.58686350021, -59747.00000000000
INFO  Calc:58 - Creating new Object factory
INFO  Calc:88 - -----------------------------------------------------
INFO  Calc:89 - Starting new run with params: D:\project\OneWayCalc\sampleTest.xml, D:\project\OneWayCalc\ResultSampleTest.xml, 2017-06-18T19:40:36.642 
INFO  Calc:91 - -----------------------------------------------------

INFO  Calc:32 - Creating JAXBContext
INFO  Calc:44 - Getting data from XML: D:\project\OneWayCalc\sampleTest.xml
INFO  Calc:48 - Getting terms form ivan.XMLwrapper.SimpleCalculator$Expressions$Expression@6a472554
INFO  Calc:110 - Starting evaluate ivan.XMLwrapper.Term@7ff2a664
INFO  Calc:117 - Starting counting args of ivan.XMLwrapper.Term@7ff2a664
INFO  Calc:110 - Starting evaluate ivan.XMLwrapper.Term@525b461a
INFO  Calc:117 - Starting counting args of ivan.XMLwrapper.Term@525b461a
INFO  Calc:110 - Starting evaluate ivan.XMLwrapper.Term@58c1c010
INFO  Calc:131 - counting 2 SUM 4
INFO  Calc:110 - Starting evaluate ivan.XMLwrapper.Term@b7f23d9
INFO  Calc:142 - counting 1 DIV 4
INFO  Calc:134 - counting 6.00000000000 SUB 0.25000000000
INFO  Calc:110 - Starting evaluate ivan.XMLwrapper.Term@61d47554
INFO  Calc:117 - Starting counting args of ivan.XMLwrapper.Term@61d47554
INFO  Calc:110 - Starting evaluate ivan.XMLwrapper.Term@5a4aa2f2
INFO  Calc:131 - counting 12 SUM 55
INFO  Calc:110 - Starting evaluate ivan.XMLwrapper.Term@6591f517
INFO  Calc:137 - counting 123 MUL 4
INFO  Calc:134 - counting 67.00000000000 SUB 492.00000000000
INFO  Calc:137 - counting 5.75000000000 MUL -425.00000000000
INFO  Calc:48 - Getting terms form ivan.XMLwrapper.SimpleCalculator$Expressions$Expression@345965f2
INFO  Calc:110 - Starting evaluate ivan.XMLwrapper.Term@429bd883
INFO  Calc:117 - Starting counting args of ivan.XMLwrapper.Term@429bd883
INFO  Calc:110 - Starting evaluate ivan.XMLwrapper.Term@4d49af10
INFO  Calc:117 - Starting counting args of ivan.XMLwrapper.Term@4d49af10
INFO  Calc:110 - Starting evaluate ivan.XMLwrapper.Term@279ad2e3
INFO  Calc:142 - counting 211 DIV 114
INFO  Calc:110 - Starting evaluate ivan.XMLwrapper.Term@58134517
INFO  Calc:142 - counting 13 DIV 41
INFO  Calc:137 - counting 1.85087719298 MUL 0.31707317073
INFO  Calc:110 - Starting evaluate ivan.XMLwrapper.Term@4450d156
INFO  Calc:117 - Starting counting args of ivan.XMLwrapper.Term@4450d156
INFO  Calc:110 - Starting evaluate ivan.XMLwrapper.Term@4461c7e3
INFO  Calc:131 - counting 123 SUM 1235
INFO  Calc:110 - Starting evaluate ivan.XMLwrapper.Term@351d0846
INFO  Calc:137 - counting 55 MUL 1111
INFO  Calc:134 - counting 1358.00000000000 SUB 61105.00000000000
INFO  Calc:134 - counting 0.58686350021 SUB -59747.00000000000
INFO  Calc:58 - Creating new Object factory
2017-06-18 19:47:25 INFO  Calc:88 - -----------------------------------------------------
2017-06-18 19:47:25 INFO  Calc:89 - Starting new run with params: D:\project\OneWayCalc\sampleTest.xml, D:\project\OneWayCalc\ResultSampleTest.xml, 2017-06-18T19:47:25.364 
2017-06-18 19:47:25 INFO  Calc:91 - -----------------------------------------------------

2017-06-18 19:47:25 INFO  Calc:32 - Creating JAXBContext
2017-06-18 19:47:25 INFO  Calc:44 - Getting data from XML: D:\project\OneWayCalc\sampleTest.xml
2017-06-18 19:47:25 INFO  Calc:48 - Getting terms form ivan.XMLwrapper.SimpleCalculator$Expressions$Expression@7bc1a03d
2017-06-18 19:47:25 INFO  Calc:110 - Starting evaluate ivan.XMLwrapper.Term@70b0b186
2017-06-18 19:47:25 INFO  Calc:117 - Starting counting args of ivan.XMLwrapper.Term@70b0b186
2017-06-18 19:47:25 INFO  Calc:110 - Starting evaluate ivan.XMLwrapper.Term@ba8d91c
2017-06-18 19:47:25 INFO  Calc:117 - Starting counting args of ivan.XMLwrapper.Term@ba8d91c
2017-06-18 19:47:25 INFO  Calc:110 - Starting evaluate ivan.XMLwrapper.Term@7364985f
2017-06-18 19:47:25 INFO  Calc:131 - counting 2 SUM 4
2017-06-18 19:47:25 INFO  Calc:110 - Starting evaluate ivan.XMLwrapper.Term@5d20e46
2017-06-18 19:47:25 INFO  Calc:142 - counting 1 DIV 4
2017-06-18 19:47:25 INFO  Calc:134 - counting 6.00000000000 SUB 0.25000000000
2017-06-18 19:47:25 INFO  Calc:110 - Starting evaluate ivan.XMLwrapper.Term@709ba3fb
2017-06-18 19:47:25 INFO  Calc:117 - Starting counting args of ivan.XMLwrapper.Term@709ba3fb
2017-06-18 19:47:25 INFO  Calc:110 - Starting evaluate ivan.XMLwrapper.Term@58c1c010
2017-06-18 19:47:25 INFO  Calc:131 - counting 12 SUM 55
2017-06-18 19:47:25 INFO  Calc:110 - Starting evaluate ivan.XMLwrapper.Term@b7f23d9
2017-06-18 19:47:25 INFO  Calc:137 - counting 123 MUL 4
2017-06-18 19:47:25 INFO  Calc:134 - counting 67.00000000000 SUB 492.00000000000
2017-06-18 19:47:25 INFO  Calc:137 - counting 5.75000000000 MUL -425.00000000000
2017-06-18 19:47:25 INFO  Calc:48 - Getting terms form ivan.XMLwrapper.SimpleCalculator$Expressions$Expression@61d47554
2017-06-18 19:47:25 INFO  Calc:110 - Starting evaluate ivan.XMLwrapper.Term@69b794e2
2017-06-18 19:47:25 INFO  Calc:117 - Starting counting args of ivan.XMLwrapper.Term@69b794e2
2017-06-18 19:47:25 INFO  Calc:110 - Starting evaluate ivan.XMLwrapper.Term@3f200884
2017-06-18 19:47:25 INFO  Calc:117 - Starting counting args of ivan.XMLwrapper.Term@3f200884
2017-06-18 19:47:25 INFO  Calc:110 - Starting evaluate ivan.XMLwrapper.Term@4d339552
2017-06-18 19:47:25 INFO  Calc:142 - counting 211 DIV 114
2017-06-18 19:47:25 INFO  Calc:110 - Starting evaluate ivan.XMLwrapper.Term@f0f2775
2017-06-18 19:47:25 INFO  Calc:142 - counting 13 DIV 41
2017-06-18 19:47:25 INFO  Calc:137 - counting 1.85087719298 MUL 0.31707317073
2017-06-18 19:47:25 INFO  Calc:110 - Starting evaluate ivan.XMLwrapper.Term@5a4aa2f2
2017-06-18 19:47:25 INFO  Calc:117 - Starting counting args of ivan.XMLwrapper.Term@5a4aa2f2
2017-06-18 19:47:25 INFO  Calc:110 - Starting evaluate ivan.XMLwrapper.Term@6591f517
2017-06-18 19:47:25 INFO  Calc:131 - counting 123 SUM 1235
2017-06-18 19:47:25 INFO  Calc:110 - Starting evaluate ivan.XMLwrapper.Term@345965f2
2017-06-18 19:47:25 INFO  Calc:137 - counting 55 MUL 1111
2017-06-18 19:47:25 INFO  Calc:134 - counting 1358.00000000000 SUB 61105.00000000000
2017-06-18 19:47:25 INFO  Calc:134 - counting 0.58686350021 SUB -59747.00000000000
2017-06-18 19:47:25 INFO  Calc:58 - Creating new Object factory
2017-06-18 19:50:18 INFO  Calc:88 - -----------------------------------------------------
2017-06-18 19:50:18 INFO  Calc:89 - Starting new run with params: D:\project\OneWayCalc\sampleTest.xml, D:\project\OneWayCalc\ResultSampleTest.xml
2017-06-18 19:50:18 INFO  Calc:90 - -----------------------------------------------------

2017-06-18 19:50:18 INFO  Calc:32 - Creating JAXBContext
2017-06-18 19:50:18 INFO  Calc:44 - Getting data from XML: D:\project\OneWayCalc\sampleTest.xml
2017-06-18 19:50:18 INFO  Calc:48 - Getting terms form ivan.XMLwrapper.SimpleCalculator$Expressions$Expression@32464a14
2017-06-18 19:50:18 INFO  Calc:109 - Starting evaluate ivan.XMLwrapper.Term@4e4aea35
2017-06-18 19:50:18 INFO  Calc:116 - Starting counting args of ivan.XMLwrapper.Term@4e4aea35
2017-06-18 19:50:18 INFO  Calc:109 - Starting evaluate ivan.XMLwrapper.Term@1442d7b5
2017-06-18 19:50:18 INFO  Calc:116 - Starting counting args of ivan.XMLwrapper.Term@1442d7b5
2017-06-18 19:50:18 INFO  Calc:109 - Starting evaluate ivan.XMLwrapper.Term@1efee8e7
2017-06-18 19:50:18 INFO  Calc:130 - counting 2 SUM 4
2017-06-18 19:50:18 INFO  Calc:109 - Starting evaluate ivan.XMLwrapper.Term@1ee807c6
2017-06-18 19:50:18 INFO  Calc:141 - counting 1 DIV 4
2017-06-18 19:50:18 INFO  Calc:133 - counting 6.00000000000 SUB 0.25000000000
2017-06-18 19:50:18 INFO  Calc:109 - Starting evaluate ivan.XMLwrapper.Term@76a4d6c
2017-06-18 19:50:18 INFO  Calc:116 - Starting counting args of ivan.XMLwrapper.Term@76a4d6c
2017-06-18 19:50:18 INFO  Calc:109 - Starting evaluate ivan.XMLwrapper.Term@5cdd8682
2017-06-18 19:50:18 INFO  Calc:130 - counting 12 SUM 55
2017-06-18 19:50:18 INFO  Calc:109 - Starting evaluate ivan.XMLwrapper.Term@d6da883
2017-06-18 19:50:18 INFO  Calc:136 - counting 123 MUL 4
2017-06-18 19:50:18 INFO  Calc:133 - counting 67.00000000000 SUB 492.00000000000
2017-06-18 19:50:18 INFO  Calc:136 - counting 5.75000000000 MUL -425.00000000000
2017-06-18 19:50:18 INFO  Calc:48 - Getting terms form ivan.XMLwrapper.SimpleCalculator$Expressions$Expression@45afc369
2017-06-18 19:50:18 INFO  Calc:109 - Starting evaluate ivan.XMLwrapper.Term@799d4f69
2017-06-18 19:50:18 INFO  Calc:116 - Starting counting args of ivan.XMLwrapper.Term@799d4f69
2017-06-18 19:50:18 INFO  Calc:109 - Starting evaluate ivan.XMLwrapper.Term@49c43f4e
2017-06-18 19:50:18 INFO  Calc:116 - Starting counting args of ivan.XMLwrapper.Term@49c43f4e
2017-06-18 19:50:18 INFO  Calc:109 - Starting evaluate ivan.XMLwrapper.Term@290dbf45
2017-06-18 19:50:18 INFO  Calc:141 - counting 211 DIV 114
2017-06-18 19:50:18 INFO  Calc:109 - Starting evaluate ivan.XMLwrapper.Term@12028586
2017-06-18 19:50:18 INFO  Calc:141 - counting 13 DIV 41
2017-06-18 19:50:18 INFO  Calc:136 - counting 1.85087719298 MUL 0.31707317073
2017-06-18 19:50:18 INFO  Calc:109 - Starting evaluate ivan.XMLwrapper.Term@17776a8
2017-06-18 19:50:18 INFO  Calc:116 - Starting counting args of ivan.XMLwrapper.Term@17776a8
2017-06-18 19:50:18 INFO  Calc:109 - Starting evaluate ivan.XMLwrapper.Term@69a10787
2017-06-18 19:50:18 INFO  Calc:130 - counting 123 SUM 1235
2017-06-18 19:50:18 INFO  Calc:109 - Starting evaluate ivan.XMLwrapper.Term@2d127a61
2017-06-18 19:50:18 INFO  Calc:136 - counting 55 MUL 1111
2017-06-18 19:50:18 INFO  Calc:133 - counting 1358.00000000000 SUB 61105.00000000000
2017-06-18 19:50:18 INFO  Calc:133 - counting 0.58686350021 SUB -59747.00000000000
2017-06-18 19:50:18 INFO  Calc:58 - Creating new Object factory
2017-06-18 19:52:29 INFO  Calc:91 - -----------------------------------------------------
2017-06-18 19:52:29 INFO  Calc:92 - Starting new run with params: D:\project\OneWayCalc\sampleTest.xml, D:\project\OneWayCalc\ResultSampleTest.xml
2017-06-18 19:52:29 INFO  Calc:93 - -----------------------------------------------------

2017-06-18 19:52:29 INFO  Calc:32 - Creating JAXBContext
2017-06-18 19:52:29 INFO  Calc:44 - Getting data from XML: D:\project\OneWayCalc\sampleTest.xml
2017-06-18 19:52:29 INFO  Calc:48 - Getting terms form ivan.XMLwrapper.SimpleCalculator$Expressions$Expression@32464a14
2017-06-18 19:52:29 INFO  Calc:112 - Starting evaluate ivan.XMLwrapper.Term@4e4aea35
2017-06-18 19:52:29 INFO  Calc:119 - Starting counting args of ivan.XMLwrapper.Term@4e4aea35
2017-06-18 19:52:29 INFO  Calc:112 - Starting evaluate ivan.XMLwrapper.Term@1442d7b5
2017-06-18 19:52:29 INFO  Calc:119 - Starting counting args of ivan.XMLwrapper.Term@1442d7b5
2017-06-18 19:52:29 INFO  Calc:112 - Starting evaluate ivan.XMLwrapper.Term@1efee8e7
2017-06-18 19:52:29 INFO  Calc:133 - counting 2 SUM 4
2017-06-18 19:52:29 INFO  Calc:112 - Starting evaluate ivan.XMLwrapper.Term@1ee807c6
2017-06-18 19:52:29 INFO  Calc:144 - counting 1 DIV 4
2017-06-18 19:52:29 INFO  Calc:136 - counting 6.00000000000 SUB 0.25000000000
2017-06-18 19:52:29 INFO  Calc:112 - Starting evaluate ivan.XMLwrapper.Term@76a4d6c
2017-06-18 19:52:29 INFO  Calc:119 - Starting counting args of ivan.XMLwrapper.Term@76a4d6c
2017-06-18 19:52:29 INFO  Calc:112 - Starting evaluate ivan.XMLwrapper.Term@5cdd8682
2017-06-18 19:52:29 INFO  Calc:133 - counting 12 SUM 55
2017-06-18 19:52:29 INFO  Calc:112 - Starting evaluate ivan.XMLwrapper.Term@d6da883
2017-06-18 19:52:29 INFO  Calc:139 - counting 123 MUL 4
2017-06-18 19:52:29 INFO  Calc:136 - counting 67.00000000000 SUB 492.00000000000
2017-06-18 19:52:29 INFO  Calc:139 - counting 5.75000000000 MUL -425.00000000000
2017-06-18 19:52:29 INFO  Calc:48 - Getting terms form ivan.XMLwrapper.SimpleCalculator$Expressions$Expression@45afc369
2017-06-18 19:52:29 INFO  Calc:112 - Starting evaluate ivan.XMLwrapper.Term@799d4f69
2017-06-18 19:52:29 INFO  Calc:119 - Starting counting args of ivan.XMLwrapper.Term@799d4f69
2017-06-18 19:52:29 INFO  Calc:112 - Starting evaluate ivan.XMLwrapper.Term@49c43f4e
2017-06-18 19:52:29 INFO  Calc:119 - Starting counting args of ivan.XMLwrapper.Term@49c43f4e
2017-06-18 19:52:29 INFO  Calc:112 - Starting evaluate ivan.XMLwrapper.Term@290dbf45
2017-06-18 19:52:29 INFO  Calc:144 - counting 211 DIV 114
2017-06-18 19:52:29 INFO  Calc:112 - Starting evaluate ivan.XMLwrapper.Term@12028586
2017-06-18 19:52:29 INFO  Calc:144 - counting 13 DIV 41
2017-06-18 19:52:29 INFO  Calc:139 - counting 1.85087719298 MUL 0.31707317073
2017-06-18 19:52:29 INFO  Calc:112 - Starting evaluate ivan.XMLwrapper.Term@17776a8
2017-06-18 19:52:29 INFO  Calc:119 - Starting counting args of ivan.XMLwrapper.Term@17776a8
2017-06-18 19:52:29 INFO  Calc:112 - Starting evaluate ivan.XMLwrapper.Term@69a10787
2017-06-18 19:52:29 INFO  Calc:133 - counting 123 SUM 1235
2017-06-18 19:52:29 INFO  Calc:112 - Starting evaluate ivan.XMLwrapper.Term@2d127a61
2017-06-18 19:52:29 INFO  Calc:139 - counting 55 MUL 1111
2017-06-18 19:52:29 INFO  Calc:136 - counting 1358.00000000000 SUB 61105.00000000000
2017-06-18 19:52:29 INFO  Calc:136 - counting 0.58686350021 SUB -59747.00000000000
2017-06-18 19:52:29 INFO  Calc:58 - Creating new Object factory
2017-06-18 19:52:29 INFO  Calc:63 - Adding result 0
2017-06-18 19:52:29 INFO  Calc:63 - Adding result 1
2017-06-18 19:52:29 INFO  Calc:71 - Packing results to XML
2017-06-18 19:52:29 INFO  Calc:73 - 

2017-06-18 19:53:11 INFO  Calc:90 - -----------------------------------------------------
2017-06-18 19:53:11 INFO  Calc:91 - Starting new run with params: D:\project\OneWayCalc\sampleTest.xml, D:\project\OneWayCalc\ResultSampleTest.xml
2017-06-18 19:53:11 INFO  Calc:92 - -----------------------------------------------------

2017-06-18 19:53:11 INFO  Calc:32 - Creating JAXBContext
2017-06-18 19:53:11 INFO  Calc:44 - Getting data from XML: D:\project\OneWayCalc\sampleTest.xml
2017-06-18 19:53:11 INFO  Calc:48 - Getting terms form ivan.XMLwrapper.SimpleCalculator$Expressions$Expression@32464a14
2017-06-18 19:53:11 INFO  Calc:111 - Starting evaluate ivan.XMLwrapper.Term@4e4aea35
2017-06-18 19:53:11 INFO  Calc:118 - Starting counting args of ivan.XMLwrapper.Term@4e4aea35
2017-06-18 19:53:11 INFO  Calc:111 - Starting evaluate ivan.XMLwrapper.Term@1442d7b5
2017-06-18 19:53:11 INFO  Calc:118 - Starting counting args of ivan.XMLwrapper.Term@1442d7b5
2017-06-18 19:53:11 INFO  Calc:111 - Starting evaluate ivan.XMLwrapper.Term@1efee8e7
2017-06-18 19:53:11 INFO  Calc:132 - counting 2 SUM 4
2017-06-18 19:53:11 INFO  Calc:111 - Starting evaluate ivan.XMLwrapper.Term@1ee807c6
2017-06-18 19:53:11 INFO  Calc:143 - counting 1 DIV 4
2017-06-18 19:53:11 INFO  Calc:135 - counting 6.00000000000 SUB 0.25000000000
2017-06-18 19:53:11 INFO  Calc:111 - Starting evaluate ivan.XMLwrapper.Term@76a4d6c
2017-06-18 19:53:11 INFO  Calc:118 - Starting counting args of ivan.XMLwrapper.Term@76a4d6c
2017-06-18 19:53:11 INFO  Calc:111 - Starting evaluate ivan.XMLwrapper.Term@5cdd8682
2017-06-18 19:53:11 INFO  Calc:132 - counting 12 SUM 55
2017-06-18 19:53:11 INFO  Calc:111 - Starting evaluate ivan.XMLwrapper.Term@d6da883
2017-06-18 19:53:11 INFO  Calc:138 - counting 123 MUL 4
2017-06-18 19:53:11 INFO  Calc:135 - counting 67.00000000000 SUB 492.00000000000
2017-06-18 19:53:11 INFO  Calc:138 - counting 5.75000000000 MUL -425.00000000000
2017-06-18 19:53:11 INFO  Calc:48 - Getting terms form ivan.XMLwrapper.SimpleCalculator$Expressions$Expression@45afc369
2017-06-18 19:53:11 INFO  Calc:111 - Starting evaluate ivan.XMLwrapper.Term@799d4f69
2017-06-18 19:53:11 INFO  Calc:118 - Starting counting args of ivan.XMLwrapper.Term@799d4f69
2017-06-18 19:53:11 INFO  Calc:111 - Starting evaluate ivan.XMLwrapper.Term@49c43f4e
2017-06-18 19:53:11 INFO  Calc:118 - Starting counting args of ivan.XMLwrapper.Term@49c43f4e
2017-06-18 19:53:11 INFO  Calc:111 - Starting evaluate ivan.XMLwrapper.Term@290dbf45
2017-06-18 19:53:11 INFO  Calc:143 - counting 211 DIV 114
2017-06-18 19:53:11 INFO  Calc:111 - Starting evaluate ivan.XMLwrapper.Term@12028586
2017-06-18 19:53:11 INFO  Calc:143 - counting 13 DIV 41
2017-06-18 19:53:11 INFO  Calc:138 - counting 1.85087719298 MUL 0.31707317073
2017-06-18 19:53:11 INFO  Calc:111 - Starting evaluate ivan.XMLwrapper.Term@17776a8
2017-06-18 19:53:11 INFO  Calc:118 - Starting counting args of ivan.XMLwrapper.Term@17776a8
2017-06-18 19:53:11 INFO  Calc:111 - Starting evaluate ivan.XMLwrapper.Term@69a10787
2017-06-18 19:53:11 INFO  Calc:132 - counting 123 SUM 1235
2017-06-18 19:53:11 INFO  Calc:111 - Starting evaluate ivan.XMLwrapper.Term@2d127a61
2017-06-18 19:53:11 INFO  Calc:138 - counting 55 MUL 1111
2017-06-18 19:53:11 INFO  Calc:135 - counting 1358.00000000000 SUB 61105.00000000000
2017-06-18 19:53:11 INFO  Calc:135 - counting 0.58686350021 SUB -59747.00000000000
2017-06-18 19:53:11 INFO  Calc:58 - Creating new Object factory
2017-06-18 19:53:11 INFO  Calc:63 - Adding result 0
2017-06-18 19:53:11 INFO  Calc:63 - Adding result 1
2017-06-18 19:53:11 INFO  Calc:71 - Packing results to XML

2017-06-18 19:53:29 INFO  Calc:90 - -----------------------------------------------------
2017-06-18 19:53:29 INFO  Calc:91 - Starting new run with params: D:\project\OneWayCalc\sampleTest.xml, D:\project\OneWayCalc\ResultSampleTest.xml
2017-06-18 19:53:29 INFO  Calc:92 - -----------------------------------------------------

2017-06-18 19:53:29 INFO  Calc:32 - Creating JAXBContext
2017-06-18 19:53:29 INFO  Calc:44 - Getting data from XML: D:\project\OneWayCalc\sampleTest.xml
2017-06-18 19:53:29 INFO  Calc:48 - Getting terms form ivan.XMLwrapper.SimpleCalculator$Expressions$Expression@32464a14
2017-06-18 19:53:29 INFO  Calc:111 - Starting evaluate ivan.XMLwrapper.Term@4e4aea35
2017-06-18 19:53:29 INFO  Calc:118 - Starting counting args of ivan.XMLwrapper.Term@4e4aea35
2017-06-18 19:53:29 INFO  Calc:111 - Starting evaluate ivan.XMLwrapper.Term@1442d7b5
2017-06-18 19:53:29 INFO  Calc:118 - Starting counting args of ivan.XMLwrapper.Term@1442d7b5
2017-06-18 19:53:29 INFO  Calc:111 - Starting evaluate ivan.XMLwrapper.Term@1efee8e7
2017-06-18 19:53:29 INFO  Calc:132 - counting 2 SUM 4
2017-06-18 19:53:29 INFO  Calc:111 - Starting evaluate ivan.XMLwrapper.Term@1ee807c6
2017-06-18 19:53:29 INFO  Calc:143 - counting 1 DIV 4
2017-06-18 19:53:29 INFO  Calc:135 - counting 6.00000000000 SUB 0.25000000000
2017-06-18 19:53:29 INFO  Calc:111 - Starting evaluate ivan.XMLwrapper.Term@76a4d6c
2017-06-18 19:53:29 INFO  Calc:118 - Starting counting args of ivan.XMLwrapper.Term@76a4d6c
2017-06-18 19:53:29 INFO  Calc:111 - Starting evaluate ivan.XMLwrapper.Term@5cdd8682
2017-06-18 19:53:29 INFO  Calc:132 - counting 12 SUM 55
2017-06-18 19:53:29 INFO  Calc:111 - Starting evaluate ivan.XMLwrapper.Term@d6da883
2017-06-18 19:53:29 INFO  Calc:138 - counting 123 MUL 4
2017-06-18 19:53:29 INFO  Calc:135 - counting 67.00000000000 SUB 492.00000000000
2017-06-18 19:53:29 INFO  Calc:138 - counting 5.75000000000 MUL -425.00000000000
2017-06-18 19:53:29 INFO  Calc:48 - Getting terms form ivan.XMLwrapper.SimpleCalculator$Expressions$Expression@45afc369
2017-06-18 19:53:29 INFO  Calc:111 - Starting evaluate ivan.XMLwrapper.Term@799d4f69
2017-06-18 19:53:29 INFO  Calc:118 - Starting counting args of ivan.XMLwrapper.Term@799d4f69
2017-06-18 19:53:29 INFO  Calc:111 - Starting evaluate ivan.XMLwrapper.Term@49c43f4e
2017-06-18 19:53:29 INFO  Calc:118 - Starting counting args of ivan.XMLwrapper.Term@49c43f4e
2017-06-18 19:53:29 INFO  Calc:111 - Starting evaluate ivan.XMLwrapper.Term@290dbf45
2017-06-18 19:53:29 INFO  Calc:143 - counting 211 DIV 114
2017-06-18 19:53:29 INFO  Calc:111 - Starting evaluate ivan.XMLwrapper.Term@12028586
2017-06-18 19:53:29 INFO  Calc:143 - counting 13 DIV 41
2017-06-18 19:53:29 INFO  Calc:138 - counting 1.85087719298 MUL 0.31707317073
2017-06-18 19:53:29 INFO  Calc:111 - Starting evaluate ivan.XMLwrapper.Term@17776a8
2017-06-18 19:53:29 INFO  Calc:118 - Starting counting args of ivan.XMLwrapper.Term@17776a8
2017-06-18 19:53:29 INFO  Calc:111 - Starting evaluate ivan.XMLwrapper.Term@69a10787
2017-06-18 19:53:29 INFO  Calc:132 - counting 123 SUM 1235
2017-06-18 19:53:29 INFO  Calc:111 - Starting evaluate ivan.XMLwrapper.Term@2d127a61
2017-06-18 19:53:29 INFO  Calc:138 - counting 55 MUL 1111
2017-06-18 19:53:29 INFO  Calc:135 - counting 1358.00000000000 SUB 61105.00000000000
2017-06-18 19:53:29 INFO  Calc:135 - counting 0.58686350021 SUB -59747.00000000000
2017-06-18 19:53:29 INFO  Calc:58 - Creating new Object factory
2017-06-18 19:53:29 INFO  Calc:63 - Adding result 0
2017-06-18 19:53:29 INFO  Calc:63 - Adding result 1
2017-06-18 19:53:29 INFO  Calc:71 - Packing results to XML

2017-06-18 20:03:42 INFO  Calc:36 - Creating JAXBContext
2017-06-18 20:03:42 INFO  Calc:92 - -----------------------------------------------------
2017-06-18 20:03:42 INFO  Calc:93 - Starting new run with params: D:\project\OneWayCalc\sampleTest.xml, D:\project\OneWayCalc\ResultSampleTest.xml
2017-06-18 20:03:42 INFO  Calc:94 - -----------------------------------------------------

2017-06-18 20:03:42 INFO  Calc:36 - Creating JAXBContext
2017-06-18 20:03:42 INFO  Calc:48 - Getting data from XML: D:\project\OneWayCalc\sampleTest.xml
2017-06-18 20:03:42 INFO  Calc:52 - Getting terms form ivan.XMLwrapper.SimpleCalculator$Expressions$Expression@58a90037
2017-06-18 20:03:42 INFO  Calc:113 - Starting evaluate ivan.XMLwrapper.Term@74294adb
2017-06-18 20:03:42 INFO  Calc:120 - Starting counting args of ivan.XMLwrapper.Term@74294adb
2017-06-18 20:03:42 INFO  Calc:113 - Starting evaluate ivan.XMLwrapper.Term@70a9f84e
2017-06-18 20:03:42 INFO  Calc:120 - Starting counting args of ivan.XMLwrapper.Term@70a9f84e
2017-06-18 20:03:42 INFO  Calc:113 - Starting evaluate ivan.XMLwrapper.Term@130f889
2017-06-18 20:03:42 INFO  Calc:134 - counting 2 SUM 4
2017-06-18 20:03:42 INFO  Calc:113 - Starting evaluate ivan.XMLwrapper.Term@1188e820
2017-06-18 20:03:42 INFO  Calc:145 - counting 1 DIV 4
2017-06-18 20:03:42 INFO  Calc:137 - counting 6.00000000000 SUB 0.25000000000
2017-06-18 20:03:42 INFO  Calc:113 - Starting evaluate ivan.XMLwrapper.Term@276438c9
2017-06-18 20:03:42 INFO  Calc:120 - Starting counting args of ivan.XMLwrapper.Term@276438c9
2017-06-18 20:03:42 INFO  Calc:113 - Starting evaluate ivan.XMLwrapper.Term@588df31b
2017-06-18 20:03:42 INFO  Calc:134 - counting 12 SUM 55
2017-06-18 20:03:42 INFO  Calc:113 - Starting evaluate ivan.XMLwrapper.Term@33b37288
2017-06-18 20:03:42 INFO  Calc:140 - counting 123 MUL 4
2017-06-18 20:03:42 INFO  Calc:137 - counting 67.00000000000 SUB 492.00000000000
2017-06-18 20:03:42 INFO  Calc:140 - counting 5.75000000000 MUL -425.00000000000
2017-06-18 20:03:42 INFO  Calc:52 - Getting terms form ivan.XMLwrapper.SimpleCalculator$Expressions$Expression@77a57272
2017-06-18 20:03:42 INFO  Calc:113 - Starting evaluate ivan.XMLwrapper.Term@7181ae3f
2017-06-18 20:03:42 INFO  Calc:120 - Starting counting args of ivan.XMLwrapper.Term@7181ae3f
2017-06-18 20:03:42 INFO  Calc:113 - Starting evaluate ivan.XMLwrapper.Term@46238e3f
2017-06-18 20:03:42 INFO  Calc:120 - Starting counting args of ivan.XMLwrapper.Term@46238e3f
2017-06-18 20:03:42 INFO  Calc:113 - Starting evaluate ivan.XMLwrapper.Term@6e2c9341
2017-06-18 20:03:42 INFO  Calc:145 - counting 211 DIV 114
2017-06-18 20:03:42 INFO  Calc:113 - Starting evaluate ivan.XMLwrapper.Term@32464a14
2017-06-18 20:03:42 INFO  Calc:145 - counting 13 DIV 41
2017-06-18 20:03:42 INFO  Calc:140 - counting 1.85087719298 MUL 0.31707317073
2017-06-18 20:03:42 INFO  Calc:113 - Starting evaluate ivan.XMLwrapper.Term@4e4aea35
2017-06-18 20:03:42 INFO  Calc:120 - Starting counting args of ivan.XMLwrapper.Term@4e4aea35
2017-06-18 20:03:42 INFO  Calc:113 - Starting evaluate ivan.XMLwrapper.Term@1442d7b5
2017-06-18 20:03:42 INFO  Calc:134 - counting 123 SUM 1235
2017-06-18 20:03:42 INFO  Calc:113 - Starting evaluate ivan.XMLwrapper.Term@1efee8e7
2017-06-18 20:03:42 INFO  Calc:140 - counting 55 MUL 1111
2017-06-18 20:03:42 INFO  Calc:137 - counting 1358.00000000000 SUB 61105.00000000000
2017-06-18 20:03:42 INFO  Calc:137 - counting 0.58686350021 SUB -59747.00000000000
2017-06-18 20:03:42 INFO  Calc:62 - Creating new Object factory
2017-06-18 20:03:42 INFO  Calc:67 - Adding result 0
2017-06-18 20:03:42 INFO  Calc:67 - Adding result 1
2017-06-18 20:03:42 INFO  Calc:75 - Packing results to XML

2017-06-18 20:04:14 INFO  Calc:36 - Creating JAXBContext
2017-06-18 20:04:14 INFO  Calc:92 - -----------------------------------------------------
2017-06-18 20:04:14 INFO  Calc:93 - Starting new run with params: D:\project\OneWayCalc\sampleTest.xml, D:\project\OneWayCalc\ResultSampleTest.xml
2017-06-18 20:04:14 INFO  Calc:94 - -----------------------------------------------------

2017-06-18 20:04:14 INFO  Calc:36 - Creating JAXBContext
2017-06-18 20:04:14 INFO  Calc:48 - Getting data from XML: D:\project\OneWayCalc\sampleTest.xml
2017-06-18 20:04:14 INFO  Calc:52 - Getting terms form ivan.XMLwrapper.SimpleCalculator$Expressions$Expression@58a90037
2017-06-18 20:04:14 INFO  Calc:113 - Starting evaluate ivan.XMLwrapper.Term@74294adb
2017-06-18 20:04:14 INFO  Calc:120 - Starting counting args of ivan.XMLwrapper.Term@74294adb
2017-06-18 20:04:14 INFO  Calc:113 - Starting evaluate ivan.XMLwrapper.Term@70a9f84e
2017-06-18 20:04:14 INFO  Calc:120 - Starting counting args of ivan.XMLwrapper.Term@70a9f84e
2017-06-18 20:04:14 INFO  Calc:113 - Starting evaluate ivan.XMLwrapper.Term@130f889
2017-06-18 20:04:14 INFO  Calc:134 - counting 2 SUM 4
2017-06-18 20:04:14 INFO  Calc:113 - Starting evaluate ivan.XMLwrapper.Term@1188e820
2017-06-18 20:04:14 INFO  Calc:145 - counting 1 DIV 4
2017-06-18 20:04:14 INFO  Calc:137 - counting 6.00000000000 SUB 0.25000000000
2017-06-18 20:04:14 INFO  Calc:113 - Starting evaluate ivan.XMLwrapper.Term@276438c9
2017-06-18 20:04:14 INFO  Calc:120 - Starting counting args of ivan.XMLwrapper.Term@276438c9
2017-06-18 20:04:14 INFO  Calc:113 - Starting evaluate ivan.XMLwrapper.Term@588df31b
2017-06-18 20:04:14 INFO  Calc:134 - counting 12 SUM 55
2017-06-18 20:04:14 INFO  Calc:113 - Starting evaluate ivan.XMLwrapper.Term@33b37288
2017-06-18 20:04:14 INFO  Calc:140 - counting 123 MUL 4
2017-06-18 20:04:14 INFO  Calc:137 - counting 67.00000000000 SUB 492.00000000000
2017-06-18 20:04:14 INFO  Calc:140 - counting 5.75000000000 MUL -425.00000000000
2017-06-18 20:04:14 INFO  Calc:52 - Getting terms form ivan.XMLwrapper.SimpleCalculator$Expressions$Expression@77a57272
2017-06-18 20:04:14 INFO  Calc:113 - Starting evaluate ivan.XMLwrapper.Term@7181ae3f
2017-06-18 20:04:14 INFO  Calc:120 - Starting counting args of ivan.XMLwrapper.Term@7181ae3f
2017-06-18 20:04:14 INFO  Calc:113 - Starting evaluate ivan.XMLwrapper.Term@46238e3f
2017-06-18 20:04:14 INFO  Calc:120 - Starting counting args of ivan.XMLwrapper.Term@46238e3f
2017-06-18 20:04:14 INFO  Calc:113 - Starting evaluate ivan.XMLwrapper.Term@6e2c9341
2017-06-18 20:04:14 INFO  Calc:145 - counting 211 DIV 114
2017-06-18 20:04:14 INFO  Calc:113 - Starting evaluate ivan.XMLwrapper.Term@32464a14
2017-06-18 20:04:14 INFO  Calc:145 - counting 13 DIV 41
2017-06-18 20:04:14 INFO  Calc:140 - counting 1.85087719298 MUL 0.31707317073
2017-06-18 20:04:14 INFO  Calc:113 - Starting evaluate ivan.XMLwrapper.Term@4e4aea35
2017-06-18 20:04:14 INFO  Calc:120 - Starting counting args of ivan.XMLwrapper.Term@4e4aea35
2017-06-18 20:04:14 INFO  Calc:113 - Starting evaluate ivan.XMLwrapper.Term@1442d7b5
2017-06-18 20:04:14 INFO  Calc:134 - counting 123 SUM 1235
2017-06-18 20:04:14 INFO  Calc:113 - Starting evaluate ivan.XMLwrapper.Term@1efee8e7
2017-06-18 20:04:14 INFO  Calc:140 - counting 55 MUL 1111
2017-06-18 20:04:14 INFO  Calc:137 - counting 1358.00000000000 SUB 61105.00000000000
2017-06-18 20:04:14 INFO  Calc:137 - counting 0.58686350021 SUB -59747.00000000000
2017-06-18 20:04:14 INFO  Calc:62 - Creating new Object factory
2017-06-18 20:04:14 INFO  Calc:67 - Adding result number 0
2017-06-18 20:04:14 INFO  Calc:67 - Adding result number 1
2017-06-18 20:04:14 INFO  Calc:75 - Packing results to XML

2017-06-18 20:04:23 INFO  Calc:36 - Creating JAXBContext
2017-06-18 20:04:23 INFO  Calc:92 - -----------------------------------------------------
2017-06-18 20:04:23 INFO  Calc:93 - Starting new run with params: D:\project\OneWayCalc\sampleTest.xml, D:\project\OneWayCalc\ResultSampleTest.xml
2017-06-18 20:04:23 INFO  Calc:94 - -----------------------------------------------------

2017-06-18 20:04:23 INFO  Calc:36 - Creating JAXBContext
2017-06-18 20:04:23 INFO  Calc:48 - Getting data from XML: D:\project\OneWayCalc\sampleTest.xml
2017-06-18 20:04:23 INFO  Calc:52 - Getting terms form ivan.XMLwrapper.SimpleCalculator$Expressions$Expression@63149292
2017-06-18 20:04:23 INFO  Calc:113 - Starting evaluate ivan.XMLwrapper.Term@4cd6e1c2
2017-06-18 20:04:23 INFO  Calc:120 - Starting counting args of ivan.XMLwrapper.Term@4cd6e1c2
2017-06-18 20:04:23 INFO  Calc:113 - Starting evaluate ivan.XMLwrapper.Term@6a344459
2017-06-18 20:04:23 INFO  Calc:120 - Starting counting args of ivan.XMLwrapper.Term@6a344459
2017-06-18 20:04:23 INFO  Calc:113 - Starting evaluate ivan.XMLwrapper.Term@212ec4b1
2017-06-18 20:04:23 INFO  Calc:134 - counting 2 SUM 4
2017-06-18 20:04:23 INFO  Calc:113 - Starting evaluate ivan.XMLwrapper.Term@66695204
2017-06-18 20:04:23 INFO  Calc:145 - counting 1 DIV 4
2017-06-18 20:04:23 INFO  Calc:137 - counting 6.00000000000 SUB 0.25000000000
2017-06-18 20:04:23 INFO  Calc:113 - Starting evaluate ivan.XMLwrapper.Term@60a6ff68
2017-06-18 20:04:23 INFO  Calc:120 - Starting counting args of ivan.XMLwrapper.Term@60a6ff68
2017-06-18 20:04:23 INFO  Calc:113 - Starting evaluate ivan.XMLwrapper.Term@12b45db4
2017-06-18 20:04:23 INFO  Calc:134 - counting 12 SUM 55
2017-06-18 20:04:23 INFO  Calc:113 - Starting evaluate ivan.XMLwrapper.Term@55256250
2017-06-18 20:04:23 INFO  Calc:140 - counting 123 MUL 4
2017-06-18 20:04:23 INFO  Calc:137 - counting 67.00000000000 SUB 492.00000000000
2017-06-18 20:04:23 INFO  Calc:140 - counting 5.75000000000 MUL -425.00000000000
2017-06-18 20:04:23 INFO  Calc:52 - Getting terms form ivan.XMLwrapper.SimpleCalculator$Expressions$Expression@12382a1a
2017-06-18 20:04:23 INFO  Calc:113 - Starting evaluate ivan.XMLwrapper.Term@45b2da8a
2017-06-18 20:04:23 INFO  Calc:120 - Starting counting args of ivan.XMLwrapper.Term@45b2da8a
2017-06-18 20:04:23 INFO  Calc:113 - Starting evaluate ivan.XMLwrapper.Term@755b7675
2017-06-18 20:04:23 INFO  Calc:120 - Starting counting args of ivan.XMLwrapper.Term@755b7675
2017-06-18 20:04:23 INFO  Calc:113 - Starting evaluate ivan.XMLwrapper.Term@b92bd6c
2017-06-18 20:04:23 INFO  Calc:145 - counting 211 DIV 114
2017-06-18 20:04:23 INFO  Calc:113 - Starting evaluate ivan.XMLwrapper.Term@58a92efe
2017-06-18 20:04:23 INFO  Calc:145 - counting 13 DIV 41
2017-06-18 20:04:23 INFO  Calc:140 - counting 1.85087719298 MUL 0.31707317073
2017-06-18 20:04:23 INFO  Calc:113 - Starting evaluate ivan.XMLwrapper.Term@b1cc9eb
2017-06-18 20:04:23 INFO  Calc:120 - Starting counting args of ivan.XMLwrapper.Term@b1cc9eb
2017-06-18 20:04:23 INFO  Calc:113 - Starting evaluate ivan.XMLwrapper.Term@25daee23
2017-06-18 20:04:23 INFO  Calc:134 - counting 123 SUM 1235
2017-06-18 20:04:23 INFO  Calc:113 - Starting evaluate ivan.XMLwrapper.Term@3b3d5e29
2017-06-18 20:04:23 INFO  Calc:140 - counting 55 MUL 1111
2017-06-18 20:04:23 INFO  Calc:137 - counting 1358.00000000000 SUB 61105.00000000000
2017-06-18 20:04:23 INFO  Calc:137 - counting 0.58686350021 SUB -59747.00000000000
2017-06-18 20:04:23 INFO  Calc:62 - Creating new Object factory
2017-06-18 20:04:23 INFO  Calc:67 - Adding result number 0
2017-06-18 20:04:23 INFO  Calc:67 - Adding result number 1
2017-06-18 20:04:23 INFO  Calc:75 - Packing results to XML

2017-06-18 20:21:17 INFO  Calc:36 - Creating JAXBContext
2017-06-18 20:21:17 INFO  Calc:92 - -----------------------------------------------------
2017-06-18 20:21:17 INFO  Calc:93 - Starting new run with params: D:\project\OneWayCalc\sampleTest.xml, D:\project\OneWayCalc\ResultSampleTest.xml
2017-06-18 20:21:17 INFO  Calc:94 - -----------------------------------------------------

2017-06-18 20:21:17 INFO  Calc:36 - Creating JAXBContext
2017-06-18 20:21:17 INFO  Calc:48 - Getting data from XML: D:\project\OneWayCalc\sampleTest.xml
2017-06-18 20:21:17 INFO  Calc:52 - Getting terms form ivan.XMLwrapper.SimpleCalculator$Expressions$Expression@79fcdb30
2017-06-18 20:21:17 INFO  Calc:113 - Starting evaluate ivan.XMLwrapper.Term@5ea3896b
2017-06-18 20:21:17 INFO  Calc:120 - Starting counting args of ivan.XMLwrapper.Term@5ea3896b
2017-06-18 20:21:17 INFO  Calc:113 - Starting evaluate ivan.XMLwrapper.Term@20090192
2017-06-18 20:21:17 INFO  Calc:120 - Starting counting args of ivan.XMLwrapper.Term@20090192
2017-06-18 20:21:17 INFO  Calc:113 - Starting evaluate ivan.XMLwrapper.Term@c2a0acf
2017-06-18 20:21:17 INFO  Calc:134 - counting 2 SUM 4
2017-06-18 20:21:17 INFO  Calc:113 - Starting evaluate ivan.XMLwrapper.Term@13906521
2017-06-18 20:21:17 INFO  Calc:145 - counting 1 DIV 4
2017-06-18 20:21:17 INFO  Calc:137 - counting 6.00000000000 SUB 0.25000000000
2017-06-18 20:21:17 INFO  Calc:113 - Starting evaluate ivan.XMLwrapper.Term@7690d4ec
2017-06-18 20:21:17 INFO  Calc:120 - Starting counting args of ivan.XMLwrapper.Term@7690d4ec
2017-06-18 20:21:17 INFO  Calc:113 - Starting evaluate ivan.XMLwrapper.Term@7146335b
2017-06-18 20:21:17 INFO  Calc:134 - counting 12 SUM 55
2017-06-18 20:21:17 INFO  Calc:113 - Starting evaluate ivan.XMLwrapper.Term@2aa09930
2017-06-18 20:21:17 INFO  Calc:140 - counting 123 MUL 4
2017-06-18 20:21:17 INFO  Calc:137 - counting 67.00000000000 SUB 492.00000000000
2017-06-18 20:21:17 INFO  Calc:140 - counting 5.75000000000 MUL -425.00000000000
2017-06-18 20:21:17 INFO  Calc:52 - Getting terms form ivan.XMLwrapper.SimpleCalculator$Expressions$Expression@2ff60e8d
2017-06-18 20:21:17 INFO  Calc:113 - Starting evaluate ivan.XMLwrapper.Term@5fb1982b
2017-06-18 20:21:17 INFO  Calc:120 - Starting counting args of ivan.XMLwrapper.Term@5fb1982b
2017-06-18 20:21:17 INFO  Calc:113 - Starting evaluate ivan.XMLwrapper.Term@1f2db46d
2017-06-18 20:21:17 INFO  Calc:120 - Starting counting args of ivan.XMLwrapper.Term@1f2db46d
2017-06-18 20:21:17 INFO  Calc:113 - Starting evaluate ivan.XMLwrapper.Term@316ad7a1
2017-06-18 20:21:17 INFO  Calc:145 - counting 211 DIV 114
2017-06-18 20:21:17 INFO  Calc:113 - Starting evaluate ivan.XMLwrapper.Term@2ef72567
2017-06-18 20:21:17 INFO  Calc:145 - counting 13 DIV 41
2017-06-18 20:21:17 INFO  Calc:140 - counting 1.85087719298 MUL 0.31707317073
2017-06-18 20:21:17 INFO  Calc:113 - Starting evaluate ivan.XMLwrapper.Term@7dd48052
2017-06-18 20:21:17 INFO  Calc:120 - Starting counting args of ivan.XMLwrapper.Term@7dd48052
2017-06-18 20:21:17 INFO  Calc:113 - Starting evaluate ivan.XMLwrapper.Term@fa8cd59
2017-06-18 20:21:17 INFO  Calc:134 - counting 123 SUM 1235
2017-06-18 20:21:17 INFO  Calc:113 - Starting evaluate ivan.XMLwrapper.Term@6898c4d2
2017-06-18 20:21:17 INFO  Calc:140 - counting 55 MUL 1111
2017-06-18 20:21:17 INFO  Calc:137 - counting 1358.00000000000 SUB 61105.00000000000
2017-06-18 20:21:17 INFO  Calc:137 - counting 0.58686350021 SUB -59747.00000000000
2017-06-18 20:21:17 INFO  Calc:62 - Creating new Object factory
2017-06-18 20:21:17 INFO  Calc:67 - Adding result number 0
2017-06-18 20:21:17 INFO  Calc:67 - Adding result number 1
2017-06-18 20:21:17 INFO  Calc:75 - Packing results to XML

2017-06-18 20:29:15 INFO  Calc:37 - Creating JAXBContext
2017-06-18 20:29:15 INFO  Calc:93 - -----------------------------------------------------
2017-06-18 20:29:15 INFO  Calc:94 - Starting new run with params: D:\project\OneWayCalc\sampleTest.xml, D:\project\OneWayCalc\ResultSampleTest.xml
2017-06-18 20:29:15 INFO  Calc:95 - -----------------------------------------------------

2017-06-18 20:29:15 INFO  Calc:37 - Creating JAXBContext
2017-06-18 20:29:15 INFO  Calc:49 - Getting data from XML: D:\project\OneWayCalc\sampleTest.xml
2017-06-18 20:29:15 INFO  Calc:53 - Getting terms form ivan.XMLwrapper.SimpleCalculator$Expressions$Expression@77a57272
2017-06-18 20:29:15 INFO  Calc:114 - Starting evaluate ivan.XMLwrapper.Term@7181ae3f
2017-06-18 20:29:15 INFO  Calc:121 - Starting counting args of ivan.XMLwrapper.Term@7181ae3f
2017-06-18 20:29:15 INFO  Calc:114 - Starting evaluate ivan.XMLwrapper.Term@46238e3f
2017-06-18 20:29:15 INFO  Calc:121 - Starting counting args of ivan.XMLwrapper.Term@46238e3f
2017-06-18 20:29:15 INFO  Calc:114 - Starting evaluate ivan.XMLwrapper.Term@6e2c9341
2017-06-18 20:29:15 INFO  Calc:135 - counting 2 SUM 4
2017-06-18 20:29:15 INFO  Calc:114 - Starting evaluate ivan.XMLwrapper.Term@32464a14
2017-06-18 20:29:15 INFO  Calc:146 - counting 1 DIV 4
2017-06-18 20:29:15 INFO  Calc:138 - counting 6.00000000000 SUB 0.25000000000
2017-06-18 20:29:15 INFO  Calc:114 - Starting evaluate ivan.XMLwrapper.Term@76a4d6c
2017-06-18 20:29:15 INFO  Calc:121 - Starting counting args of ivan.XMLwrapper.Term@76a4d6c
2017-06-18 20:29:15 INFO  Calc:114 - Starting evaluate ivan.XMLwrapper.Term@517cd4b
2017-06-18 20:29:15 INFO  Calc:135 - counting 12 SUM 55
2017-06-18 20:29:15 INFO  Calc:114 - Starting evaluate ivan.XMLwrapper.Term@6cc7b4de
2017-06-18 20:29:15 INFO  Calc:141 - counting 123 MUL 4
2017-06-18 20:29:15 INFO  Calc:138 - counting 67.00000000000 SUB 492.00000000000
2017-06-18 20:29:15 INFO  Calc:141 - counting 5.75000000000 MUL -425.00000000000
2017-06-18 20:29:15 INFO  Calc:53 - Getting terms form ivan.XMLwrapper.SimpleCalculator$Expressions$Expression@32cf48b7
2017-06-18 20:29:15 INFO  Calc:114 - Starting evaluate ivan.XMLwrapper.Term@679b62af
2017-06-18 20:29:15 INFO  Calc:121 - Starting counting args of ivan.XMLwrapper.Term@679b62af
2017-06-18 20:29:15 INFO  Calc:114 - Starting evaluate ivan.XMLwrapper.Term@5cdd8682
2017-06-18 20:29:15 INFO  Calc:121 - Starting counting args of ivan.XMLwrapper.Term@5cdd8682
2017-06-18 20:29:15 INFO  Calc:114 - Starting evaluate ivan.XMLwrapper.Term@d6da883
2017-06-18 20:29:15 INFO  Calc:146 - counting 211 DIV 114
2017-06-18 20:29:15 INFO  Calc:114 - Starting evaluate ivan.XMLwrapper.Term@45afc369
2017-06-18 20:29:15 INFO  Calc:146 - counting 13 DIV 41
2017-06-18 20:29:15 INFO  Calc:141 - counting 1.85087719298 MUL 0.31707317073
2017-06-18 20:29:15 INFO  Calc:114 - Starting evaluate ivan.XMLwrapper.Term@799d4f69
2017-06-18 20:29:15 INFO  Calc:121 - Starting counting args of ivan.XMLwrapper.Term@799d4f69
2017-06-18 20:29:15 INFO  Calc:114 - Starting evaluate ivan.XMLwrapper.Term@49c43f4e
2017-06-18 20:29:15 INFO  Calc:135 - counting 123 SUM 1235
2017-06-18 20:29:15 INFO  Calc:114 - Starting evaluate ivan.XMLwrapper.Term@290dbf45
2017-06-18 20:29:15 INFO  Calc:141 - counting 55 MUL 1111
2017-06-18 20:29:15 INFO  Calc:138 - counting 1358.00000000000 SUB 61105.00000000000
2017-06-18 20:29:15 INFO  Calc:138 - counting 0.58686350021 SUB -59747.00000000000
2017-06-18 20:29:15 INFO  Calc:63 - Creating new Object factory
2017-06-18 20:29:15 INFO  Calc:68 - Adding result number 0
2017-06-18 20:29:15 INFO  Calc:68 - Adding result number 1
2017-06-18 20:29:15 INFO  Calc:76 - Packing results to XML

2017-06-18 20:29:20 INFO  Calc:37 - Creating JAXBContext
2017-06-18 20:29:20 INFO  Calc:93 - -----------------------------------------------------
2017-06-18 20:29:20 INFO  Calc:94 - Starting new run with params: D:\project\OneWayCalc\sampleTest.xml, D:\project\OneWayCalc\ResultSampleTest.xml
2017-06-18 20:29:20 INFO  Calc:95 - -----------------------------------------------------

2017-06-18 20:29:20 INFO  Calc:37 - Creating JAXBContext
2017-06-18 20:29:20 INFO  Calc:49 - Getting data from XML: D:\project\OneWayCalc\sampleTest.xml
2017-06-18 20:29:20 INFO  Calc:53 - Getting terms form ivan.XMLwrapper.SimpleCalculator$Expressions$Expression@2fce46e1
2017-06-18 20:29:20 INFO  Calc:114 - Starting evaluate ivan.XMLwrapper.Term@1a820ae2
2017-06-18 20:29:20 INFO  Calc:121 - Starting counting args of ivan.XMLwrapper.Term@1a820ae2
2017-06-18 20:29:20 INFO  Calc:114 - Starting evaluate ivan.XMLwrapper.Term@65459a00
2017-06-18 20:29:20 INFO  Calc:121 - Starting counting args of ivan.XMLwrapper.Term@65459a00
2017-06-18 20:29:20 INFO  Calc:114 - Starting evaluate ivan.XMLwrapper.Term@32c6e161
2017-06-18 20:29:20 INFO  Calc:135 - counting 2 SUM 4
2017-06-18 20:29:20 INFO  Calc:114 - Starting evaluate ivan.XMLwrapper.Term@6f624096
2017-06-18 20:29:20 INFO  Calc:146 - counting 1 DIV 4
2017-06-18 20:29:20 INFO  Calc:138 - counting 6.00000000000 SUB 0.25000000000
2017-06-18 20:29:20 INFO  Calc:114 - Starting evaluate ivan.XMLwrapper.Term@5d12826e
2017-06-18 20:29:20 INFO  Calc:121 - Starting counting args of ivan.XMLwrapper.Term@5d12826e
2017-06-18 20:29:20 INFO  Calc:114 - Starting evaluate ivan.XMLwrapper.Term@7dde9c9a
2017-06-18 20:29:20 INFO  Calc:135 - counting 12 SUM 55
2017-06-18 20:29:20 INFO  Calc:114 - Starting evaluate ivan.XMLwrapper.Term@199647e2
2017-06-18 20:29:20 INFO  Calc:141 - counting 123 MUL 4
2017-06-18 20:29:20 INFO  Calc:138 - counting 67.00000000000 SUB 492.00000000000
2017-06-18 20:29:20 INFO  Calc:141 - counting 5.75000000000 MUL -425.00000000000
2017-06-18 20:29:20 INFO  Calc:53 - Getting terms form ivan.XMLwrapper.SimpleCalculator$Expressions$Expression@5c7e1a5b
2017-06-18 20:29:20 INFO  Calc:114 - Starting evaluate ivan.XMLwrapper.Term@15b6e248
2017-06-18 20:29:20 INFO  Calc:121 - Starting counting args of ivan.XMLwrapper.Term@15b6e248
2017-06-18 20:29:20 INFO  Calc:114 - Starting evaluate ivan.XMLwrapper.Term@1c058628
2017-06-18 20:29:20 INFO  Calc:121 - Starting counting args of ivan.XMLwrapper.Term@1c058628
2017-06-18 20:29:20 INFO  Calc:114 - Starting evaluate ivan.XMLwrapper.Term@37877b1d
2017-06-18 20:29:20 INFO  Calc:146 - counting 211 DIV 114
2017-06-18 20:29:20 INFO  Calc:114 - Starting evaluate ivan.XMLwrapper.Term@1b871374
2017-06-18 20:29:20 INFO  Calc:146 - counting 13 DIV 41
2017-06-18 20:29:20 INFO  Calc:141 - counting 1.85087719298 MUL 0.31707317073
2017-06-18 20:29:20 INFO  Calc:114 - Starting evaluate ivan.XMLwrapper.Term@390106ee
2017-06-18 20:29:20 INFO  Calc:121 - Starting counting args of ivan.XMLwrapper.Term@390106ee
2017-06-18 20:29:20 INFO  Calc:114 - Starting evaluate ivan.XMLwrapper.Term@905e320
2017-06-18 20:29:20 INFO  Calc:135 - counting 123 SUM 1235
2017-06-18 20:29:20 INFO  Calc:114 - Starting evaluate ivan.XMLwrapper.Term@5563e8e
2017-06-18 20:29:20 INFO  Calc:141 - counting 55 MUL 1111
2017-06-18 20:29:20 INFO  Calc:138 - counting 1358.00000000000 SUB 61105.00000000000
2017-06-18 20:29:20 INFO  Calc:138 - counting 0.58686350021 SUB -59747.00000000000
2017-06-18 20:29:20 INFO  Calc:63 - Creating new Object factory
2017-06-18 20:29:20 INFO  Calc:68 - Adding result number 0
2017-06-18 20:29:20 INFO  Calc:68 - Adding result number 1
2017-06-18 20:29:20 INFO  Calc:76 - Packing results to XML

